C:\drevolution\backendhotel\dist\out-tsc\src\app\layouts\sidebar\sidebar.service.js
C:\drevolution\backendhotel\dist\out-tsc\src\app\layouts\sidebar\sidebar.service.js.map
C:\drevolution\backendhotel\dist\out-tsc\src\app\layouts\main\main.component.js
C:\drevolution\backendhotel\dist\out-tsc\src\app\layouts\main\main.component.js.map
C:\drevolution\backendhotel\dist\out-tsc\src\app\layouts\navbar\navbar.component.js
C:\drevolution\backendhotel\dist\out-tsc\src\app\layouts\navbar\navbar.component.js.map
C:\drevolution\backendhotel\dist\out-tsc\src\app\layouts\navbar\navbar.route.js
C:\drevolution\backendhotel\dist\out-tsc\src\app\layouts\navbar\navbar.route.js.map
C:\drevolution\backendhotel\dist\out-tsc\src\app\layouts\sidebar\sidebar.component.js
C:\drevolution\backendhotel\dist\out-tsc\src\app\layouts\sidebar\sidebar.component.js.map
C:\drevolution\backendhotel\dist\out-tsc\src\app\layouts\sidebar\sidebar.route.js
C:\drevolution\backendhotel\dist\out-tsc\src\app\layouts\sidebar\sidebar.route.js.map
C:\drevolution\backendhotel\dist\out-tsc\src\app\material\material.module.js
C:\drevolution\backendhotel\dist\out-tsc\src\app\material\material.module.js.map
C:\drevolution\backendhotel\dist\out-tsc\src\app\layouts\layouts.module.js
C:\drevolution\backendhotel\dist\out-tsc\src\app\layouts\layouts.module.js.map
C:\drevolution\backendhotel\dist\out-tsc\src\app\dashboard\dashboard.component.js
C:\drevolution\backendhotel\dist\out-tsc\src\app\dashboard\dashboard.component.js.map
C:\drevolution\backendhotel\dist\out-tsc\src\app\dashboard\dashboard.route.js
C:\drevolution\backendhotel\dist\out-tsc\src\app\dashboard\dashboard.route.js.map
C:\drevolution\backendhotel\dist\out-tsc\src\app\dashboard\dashboard.module.js
C:\drevolution\backendhotel\dist\out-tsc\src\app\dashboard\dashboard.module.js.map
C:\drevolution\backendhotel\dist\out-tsc\src\app\account\settings\settings.component.js
C:\drevolution\backendhotel\dist\out-tsc\src\app\account\settings\settings.component.js.map
C:\drevolution\backendhotel\dist\out-tsc\src\app\usuarios\user.model.js
C:\drevolution\backendhotel\dist\out-tsc\src\app\usuarios\user.model.js.map
C:\drevolution\backendhotel\dist\out-tsc\src\app\account\register\register.component.js
C:\drevolution\backendhotel\dist\out-tsc\src\app\account\register\register.component.js.map
C:\drevolution\backendhotel\dist\out-tsc\src\app\shared\shared.module.js
C:\drevolution\backendhotel\dist\out-tsc\src\app\shared\shared.module.js.map
C:\drevolution\backendhotel\dist\out-tsc\src\app\account\account.module.js
C:\drevolution\backendhotel\dist\out-tsc\src\app\account\account.module.js.map
C:\drevolution\backendhotel\dist\out-tsc\src\app\usuarios\usuarios.component.js
C:\drevolution\backendhotel\dist\out-tsc\src\app\usuarios\usuarios.component.js.map
C:\drevolution\backendhotel\dist\out-tsc\src\app\usuarios\usuarios.route.js
C:\drevolution\backendhotel\dist\out-tsc\src\app\usuarios\usuarios.route.js.map
C:\drevolution\backendhotel\dist\out-tsc\src\app\app.module.js
C:\drevolution\backendhotel\dist\out-tsc\src\app\app.module.js.map
C:\drevolution\backendhotel\dist\out-tsc\src\environments\environment.js
C:\drevolution\backendhotel\dist\out-tsc\src\environments\environment.js.map
C:\drevolution\backendhotel\dist\out-tsc\src\main.js
C:\drevolution\backendhotel\dist\out-tsc\src\main.js.map
C:\drevolution\backendhotel\dist\out-tsc\src\polyfills.js
C:\drevolution\backendhotel\dist\out-tsc\src\polyfills.js.map
C:\drevolution\backendhotel\dist\out-tsc\src\test.js
C:\drevolution\backendhotel\dist\out-tsc\src\test.js.map
C:\drevolution\backendhotel\dist\out-tsc\src\environments\environment.prod.js
C:\drevolution\backendhotel\dist\out-tsc\src\environments\environment.prod.js.map
C:\drevolution\backendhotel\dist\out-tsc\src\app\usuarios\usuarios.component.spec.js
C:\drevolution\backendhotel\dist\out-tsc\src\app\usuarios\usuarios.component.spec.js.map
C:\drevolution\backendhotel\dist\out-tsc\src\app\layouts\sidebar\sidebar.component.spec.js
C:\drevolution\backendhotel\dist\out-tsc\src\app\layouts\sidebar\sidebar.component.spec.js.map
C:\drevolution\backendhotel\dist\out-tsc\src\app\layouts\sidebar\sidebar.service.spec.js
C:\drevolution\backendhotel\dist\out-tsc\src\app\layouts\sidebar\sidebar.service.spec.js.map
C:\drevolution\backendhotel\dist\out-tsc\src\app\layouts\navbar\navbar.component.spec.js
C:\drevolution\backendhotel\dist\out-tsc\src\app\layouts\navbar\navbar.component.spec.js.map
C:\drevolution\backendhotel\dist\out-tsc\src\app\layouts\main\main.component.spec.js
C:\drevolution\backendhotel\dist\out-tsc\src\app\layouts\main\main.component.spec.js.map
C:\drevolution\backendhotel\dist\out-tsc\src\app\dashboard\dashboard.component.spec.js
C:\drevolution\backendhotel\dist\out-tsc\src\app\dashboard\dashboard.component.spec.js.map
C:\drevolution\backendhotel\dist\out-tsc\src\app\account\settings\settings.component.spec.js
C:\drevolution\backendhotel\dist\out-tsc\src\app\account\settings\settings.component.spec.js.map
C:\drevolution\backendhotel\dist\out-tsc\src\app\account\register\register.component.spec.js
C:\drevolution\backendhotel\dist\out-tsc\src\app\account\register\register.component.spec.js.map
C:\drevolution\backendhotel\dist\out-tsc\e2e\app.po.js
C:\drevolution\backendhotel\dist\out-tsc\e2e\app.po.js.map
C:\drevolution\backendhotel\dist\out-tsc\e2e\app.e2e-spec.js
C:\drevolution\backendhotel\dist\out-tsc\e2e\app.e2e-spec.js.map
